<?xml version="1.0" encoding="UTF-8"?>
<!-- Generated by org.testng.reporters.JUnitReportReporter -->
<testsuite hostname="KiranYadav" failures="0" tests="1" name="Datamatics.Tests.Standalonetest2" time="55.368" errors="0" timestamp="2024-01-24T12:23:10 IST" skipped="0">
  <testcase classname="Datamatics.Tests.Standalonetest2" name="Submitgrievance" time="55.368"/>
  <system-out/>
</testsuite> <!-- Datamatics.Tests.Standalonetest2 -->
