<?xml version="1.0" encoding="UTF-8"?>
<!-- Generated by org.testng.reporters.JUnitReportReporter -->
<testsuite hostname="KiranYadav" failures="0" tests="1" name="Datamatics.Tests.Errorvalidations" time="21.780" errors="0" timestamp="2023-10-04T10:13:38 IST" skipped="0">
  <testcase classname="Datamatics.Tests.Errorvalidations" name="Loginerrorvalidation" time="21.780"/>
  <system-out/>
</testsuite> <!-- Datamatics.Tests.Errorvalidations -->
